\BOOKMARK [0][-]{chapter*.3}{Introduction}{}% 1
\BOOKMARK [1][-]{section*.4}{Chapter Overview}{chapter*.3}% 2
\BOOKMARK [1][-]{section*.5}{Conventions}{chapter*.3}% 3
\BOOKMARK [0][-]{chapter.1}{A Plagiarism Primer}{}% 4
\BOOKMARK [1][-]{section.1.1}{Plagiarism definition}{chapter.1}% 5
\BOOKMARK [1][-]{section.1.2}{Basic Classification of Plagiarisms}{chapter.1}% 6
\BOOKMARK [2][-]{subsection.1.2.1}{Definition of Citation}{section.1.2}% 7
\BOOKMARK [1][-]{section.1.3}{How to detect plagiarism}{chapter.1}% 8
\BOOKMARK [1][-]{section.1.4}{Commercial software systems}{chapter.1}% 9
\BOOKMARK [2][-]{subsection.1.4.1}{PlagAware}{section.1.4}% 10
\BOOKMARK [2][-]{subsection.1.4.2}{Ephorus}{section.1.4}% 11
\BOOKMARK [2][-]{subsection.1.4.3}{PlagScan}{section.1.4}% 12
\BOOKMARK [2][-]{subsection.1.4.4}{Urkund}{section.1.4}% 13
\BOOKMARK [2][-]{subsection.1.4.5}{Resume commercial software systems}{section.1.4}% 14
\BOOKMARK [1][-]{section.1.5}{Vroni Plag}{chapter.1}% 15
\BOOKMARK [2][-]{subsection.1.5.1}{Plagiarism detection steps}{section.1.5}% 16
\BOOKMARK [2][-]{subsection.1.5.2}{Technical support}{section.1.5}% 17
\BOOKMARK [0][-]{chapter.2}{Project Workflow and Requirements}{}% 18
\BOOKMARK [1][-]{section.2.1}{The Workflow}{chapter.2}% 19
\BOOKMARK [2][-]{subsection.2.1.1}{Product Owner \204 "The Debbie Meetings"}{section.2.1}% 20
\BOOKMARK [2][-]{subsection.2.1.2}{Team Meetings}{section.2.1}% 21
\BOOKMARK [1][-]{section.2.2}{Target Group}{chapter.2}% 22
\BOOKMARK [1][-]{section.2.3}{User roles}{chapter.2}% 23
\BOOKMARK [1][-]{section.2.4}{Basic functionalities}{chapter.2}% 24
\BOOKMARK [2][-]{subsection.2.4.1}{Register}{section.2.4}% 25
\BOOKMARK [2][-]{subsection.2.4.2}{Login}{section.2.4}% 26
\BOOKMARK [2][-]{subsection.2.4.3}{Files overview}{section.2.4}% 27
\BOOKMARK [2][-]{subsection.2.4.4}{Parsed files overview}{section.2.4}% 28
\BOOKMARK [2][-]{subsection.2.4.5}{Edit profile}{section.2.4}% 29
\BOOKMARK [2][-]{subsection.2.4.6}{Googlesearch}{section.2.4}% 30
\BOOKMARK [2][-]{subsection.2.4.7}{Document Parser}{section.2.4}% 31
\BOOKMARK [1][-]{section.2.5}{Use Cases}{chapter.2}% 32
\BOOKMARK [2][-]{subsection.2.5.1}{Register}{section.2.5}% 33
\BOOKMARK [2][-]{subsection.2.5.2}{Login}{section.2.5}% 34
\BOOKMARK [2][-]{subsection.2.5.3}{File Upload}{section.2.5}% 35
\BOOKMARK [2][-]{subsection.2.5.4}{Parse}{section.2.5}% 36
\BOOKMARK [2][-]{subsection.2.5.5}{Googlesearch}{section.2.5}% 37
\BOOKMARK [0][-]{chapter.3}{Developing Unplagged}{}% 38
\BOOKMARK [1][-]{section.3.1}{Development Environment}{chapter.3}% 39
\BOOKMARK [2][-]{subsection.3.1.1}{Git}{section.3.1}% 40
\BOOKMARK [2][-]{subsection.3.1.2}{Local Deployment}{section.3.1}% 41
\BOOKMARK [2][-]{subsection.3.1.3}{Netbeans}{section.3.1}% 42
\BOOKMARK [2][-]{subsection.3.1.4}{Continuous Integration}{section.3.1}% 43
\BOOKMARK [1][-]{section.3.2}{User Interface / User Experience}{chapter.3}% 44
\BOOKMARK [2][-]{subsection.3.2.1}{Responsive Layout using CSS3 Media Queries}{section.3.2}% 45
\BOOKMARK [2][-]{subsection.3.2.2}{Javascript and fallbacks}{section.3.2}% 46
\BOOKMARK [1][-]{section.3.3}{Frameworks}{chapter.3}% 47
\BOOKMARK [2][-]{subsection.3.3.1}{Zend Framework}{section.3.3}% 48
\BOOKMARK [2][-]{subsection.3.3.2}{Doctrine}{section.3.3}% 49
\BOOKMARK [1][-]{section.3.4}{Additional Software}{chapter.3}% 50
\BOOKMARK [2][-]{subsection.3.4.1}{Tesseract}{section.3.4}% 51
\BOOKMARK [2][-]{subsection.3.4.2}{Imagemagick}{section.3.4}% 52
\BOOKMARK [2][-]{subsection.3.4.3}{Simtext}{section.3.4}% 53
\BOOKMARK [0][-]{chapter.4}{Summary and Outlook}{}% 54
\BOOKMARK [0][-]{appendix.A}{Meetings}{}% 55
\BOOKMARK [0][-]{appendix.B}{Logged Time As Of March 11, 2012}{}% 56
\BOOKMARK [0][-]{appendix.C}{Mockups}{}% 57
\BOOKMARK [1][-]{section.C.1}{Hand-Drawn}{appendix.C}% 58
\BOOKMARK [1][-]{section.C.2}{Digitalized}{appendix.C}% 59
